Fri, 05 May 2017 15:42:11 base.py[line:431] INFO Adding job tentatively -- it will be properly scheduled when the scheduler starts
Fri, 05 May 2017 15:42:11 base.py[line:865] INFO Added job "CollectTgtMoniInfo" to job store "default"
Fri, 05 May 2017 15:42:11 base.py[line:158] INFO Scheduler started
Fri, 05 May 2017 15:42:11 base.py[line:924] DEBUG Looking for jobs to run
Fri, 05 May 2017 15:42:11 base.py[line:1004] DEBUG Next wakeup is due at 2017-05-05 15:42:14.970000+08:00 (in 2.999000 seconds)
Fri, 05 May 2017 15:42:14 base.py[line:924] DEBUG Looking for jobs to run
Fri, 05 May 2017 15:42:14 base.py[line:123] INFO Running job "CollectTgtMoniInfo (trigger: interval[0:00:03], next run at: 2017-05-05 15:42:17 CST)" (scheduled at 2017-05-05 15:42:14.970000+08:00)
Fri, 05 May 2017 15:42:14 base.py[line:1004] DEBUG Next wakeup is due at 2017-05-05 15:42:17.970000+08:00 (in 3.000000 seconds)
Fri, 05 May 2017 15:42:14 collecttgtschd.py[line:20] INFO connect to database
Fri, 05 May 2017 15:42:15 collecttgtschd.py[line:43] INFO begin to check connection of ssh :10.200.8.106
Fri, 05 May 2017 15:42:15 transport.py[line:1561] DEBUG starting thread (client mode): 0x33d0390L
Fri, 05 May 2017 15:42:15 transport.py[line:1561] DEBUG Local version/idstring: SSH-2.0-paramiko_2.0.1
Fri, 05 May 2017 15:42:15 transport.py[line:1561] DEBUG Remote version/idstring: SSH-2.0-OpenSSH_5.3
Fri, 05 May 2017 15:42:15 transport.py[line:1561] INFO Connected (version 2.0, client OpenSSH_5.3)
Fri, 05 May 2017 15:42:15 transport.py[line:1561] DEBUG kex algos:[u'diffie-hellman-group-exchange-sha256', u'diffie-hellman-group-exchange-sha1', u'diffie-hellman-group14-sha1', u'diffie-hellman-group1-sha1'] server key:[u'ssh-rsa', u'ssh-dss'] client encrypt:[u'aes128-ctr', u'aes192-ctr', u'aes256-ctr', u'arcfour256', u'arcfour128', u'aes128-cbc', u'3des-cbc', u'blowfish-cbc', u'cast128-cbc', u'aes192-cbc', u'aes256-cbc', u'arcfour', u'rijndael-cbc@lysator.liu.se'] server encrypt:[u'aes128-ctr', u'aes192-ctr', u'aes256-ctr', u'arcfour256', u'arcfour128', u'aes128-cbc', u'3des-cbc', u'blowfish-cbc', u'cast128-cbc', u'aes192-cbc', u'aes256-cbc', u'arcfour', u'rijndael-cbc@lysator.liu.se'] client mac:[u'hmac-md5', u'hmac-sha1', u'umac-64@openssh.com', u'hmac-sha2-256', u'hmac-sha2-512', u'hmac-ripemd160', u'hmac-ripemd160@openssh.com', u'hmac-sha1-96', u'hmac-md5-96'] server mac:[u'hmac-md5', u'hmac-sha1', u'umac-64@openssh.com', u'hmac-sha2-256', u'hmac-sha2-512', u'hmac-ripemd160', u'hmac-ripemd160@openssh.com', u'hmac-sha1-96', u'hmac-md5-96'] client compress:[u'none', u'zlib@openssh.com'] server compress:[u'none', u'zlib@openssh.com'] client lang:[u''] server lang:[u''] kex follows?False
Fri, 05 May 2017 15:42:15 transport.py[line:1561] DEBUG Kex agreed: diffie-hellman-group1-sha1
Fri, 05 May 2017 15:42:15 transport.py[line:1561] DEBUG Cipher agreed: aes128-ctr
Fri, 05 May 2017 15:42:15 transport.py[line:1561] DEBUG MAC agreed: hmac-sha2-256
Fri, 05 May 2017 15:42:15 transport.py[line:1561] DEBUG Compression agreed: none
Fri, 05 May 2017 15:42:15 transport.py[line:1561] DEBUG kex engine KexGroup1 specified hash_algo <built-in function openssl_sha1>
Fri, 05 May 2017 15:42:15 transport.py[line:1561] DEBUG Switch to new keys ...
Fri, 05 May 2017 15:42:15 transport.py[line:1561] DEBUG Adding ssh-rsa host key for 10.200.8.106: 6fc021533e922ce067955cc5503d393a
Fri, 05 May 2017 15:42:16 transport.py[line:1561] DEBUG userauth is OK
Fri, 05 May 2017 15:42:17 base.py[line:924] DEBUG Looking for jobs to run
Fri, 05 May 2017 15:42:17 base.py[line:962] WARNING Execution of job "CollectTgtMoniInfo (trigger: interval[0:00:03], next run at: 2017-05-05 15:42:17 CST)" skipped: maximum number of running instances reached (1)
Fri, 05 May 2017 15:42:17 base.py[line:1004] DEBUG Next wakeup is due at 2017-05-05 15:42:20.970000+08:00 (in 2.995000 seconds)
Fri, 05 May 2017 15:42:20 base.py[line:924] DEBUG Looking for jobs to run
Fri, 05 May 2017 15:42:20 base.py[line:962] WARNING Execution of job "CollectTgtMoniInfo (trigger: interval[0:00:03], next run at: 2017-05-05 15:42:20 CST)" skipped: maximum number of running instances reached (1)
Fri, 05 May 2017 15:42:20 base.py[line:1004] DEBUG Next wakeup is due at 2017-05-05 15:42:23.970000+08:00 (in 2.999000 seconds)
Fri, 05 May 2017 15:42:23 base.py[line:924] DEBUG Looking for jobs to run
Fri, 05 May 2017 15:42:23 base.py[line:962] WARNING Execution of job "CollectTgtMoniInfo (trigger: interval[0:00:03], next run at: 2017-05-05 15:42:23 CST)" skipped: maximum number of running instances reached (1)
Fri, 05 May 2017 15:42:23 base.py[line:1004] DEBUG Next wakeup is due at 2017-05-05 15:42:26.970000+08:00 (in 2.999000 seconds)
Fri, 05 May 2017 15:42:26 transport.py[line:1561] INFO Authentication (password) successful!
Fri, 05 May 2017 15:42:26 channel.py[line:1089] DEBUG [chan 0] Max packet in: 32768 bytes
Fri, 05 May 2017 15:42:26 channel.py[line:1089] DEBUG [chan 0] Max packet out: 32768 bytes
Fri, 05 May 2017 15:42:26 transport.py[line:1561] DEBUG Secsh channel 0 opened.
Fri, 05 May 2017 15:42:26 channel.py[line:1089] DEBUG [chan 0] Sesch channel 0 request ok
Fri, 05 May 2017 15:42:26 channel.py[line:1089] DEBUG [chan 0] EOF received (0)
Fri, 05 May 2017 15:42:26 channel.py[line:1089] DEBUG [chan 0] EOF sent (0)
Fri, 05 May 2017 15:42:26 channel.py[line:1089] DEBUG [chan 1] Max packet in: 32768 bytes
Fri, 05 May 2017 15:42:26 channel.py[line:1089] DEBUG [chan 1] Max packet out: 32768 bytes
Fri, 05 May 2017 15:42:26 transport.py[line:1561] DEBUG Secsh channel 1 opened.
Fri, 05 May 2017 15:42:26 channel.py[line:1089] DEBUG [chan 1] Sesch channel 1 request ok
Fri, 05 May 2017 15:42:26 channel.py[line:1089] DEBUG [chan 1] EOF received (1)
Fri, 05 May 2017 15:42:26 channel.py[line:1089] DEBUG [chan 1] EOF sent (1)
Fri, 05 May 2017 15:42:26 transport.py[line:1561] DEBUG EOF in transport thread
Fri, 05 May 2017 15:42:26 collecttgtschd.py[line:43] INFO begin to check connection of ssh :10.200.8.108
Fri, 05 May 2017 15:42:26 base.py[line:924] DEBUG Looking for jobs to run
Fri, 05 May 2017 15:42:26 base.py[line:962] WARNING Execution of job "CollectTgtMoniInfo (trigger: interval[0:00:03], next run at: 2017-05-05 15:42:26 CST)" skipped: maximum number of running instances reached (1)
Fri, 05 May 2017 15:42:26 base.py[line:1004] DEBUG Next wakeup is due at 2017-05-05 15:42:29.970000+08:00 (in 2.999000 seconds)
Fri, 05 May 2017 15:42:29 base.py[line:924] DEBUG Looking for jobs to run
Fri, 05 May 2017 15:42:29 base.py[line:962] WARNING Execution of job "CollectTgtMoniInfo (trigger: interval[0:00:03], next run at: 2017-05-05 15:42:29 CST)" skipped: maximum number of running instances reached (1)
Fri, 05 May 2017 15:42:29 base.py[line:1004] DEBUG Next wakeup is due at 2017-05-05 15:42:32.970000+08:00 (in 2.999000 seconds)
Fri, 05 May 2017 15:42:32 base.py[line:924] DEBUG Looking for jobs to run
Fri, 05 May 2017 15:42:32 base.py[line:962] WARNING Execution of job "CollectTgtMoniInfo (trigger: interval[0:00:03], next run at: 2017-05-05 15:42:32 CST)" skipped: maximum number of running instances reached (1)
Fri, 05 May 2017 15:42:32 base.py[line:1004] DEBUG Next wakeup is due at 2017-05-05 15:42:35.970000+08:00 (in 2.999000 seconds)
Fri, 05 May 2017 15:42:35 base.py[line:924] DEBUG Looking for jobs to run
Fri, 05 May 2017 15:42:35 base.py[line:962] WARNING Execution of job "CollectTgtMoniInfo (trigger: interval[0:00:03], next run at: 2017-05-05 15:42:35 CST)" skipped: maximum number of running instances reached (1)
Fri, 05 May 2017 15:42:35 base.py[line:1004] DEBUG Next wakeup is due at 2017-05-05 15:42:38.970000+08:00 (in 2.999000 seconds)
Fri, 05 May 2017 15:42:38 base.py[line:924] DEBUG Looking for jobs to run
Fri, 05 May 2017 15:42:38 base.py[line:962] WARNING Execution of job "CollectTgtMoniInfo (trigger: interval[0:00:03], next run at: 2017-05-05 15:42:38 CST)" skipped: maximum number of running instances reached (1)
Fri, 05 May 2017 15:42:38 base.py[line:1004] DEBUG Next wakeup is due at 2017-05-05 15:42:41.970000+08:00 (in 2.999000 seconds)
Fri, 05 May 2017 15:42:41 base.py[line:924] DEBUG Looking for jobs to run
Fri, 05 May 2017 15:42:41 base.py[line:962] WARNING Execution of job "CollectTgtMoniInfo (trigger: interval[0:00:03], next run at: 2017-05-05 15:42:41 CST)" skipped: maximum number of running instances reached (1)
Fri, 05 May 2017 15:42:41 base.py[line:1004] DEBUG Next wakeup is due at 2017-05-05 15:42:44.970000+08:00 (in 2.999000 seconds)
Fri, 05 May 2017 15:42:44 base.py[line:924] DEBUG Looking for jobs to run
Fri, 05 May 2017 15:42:44 base.py[line:962] WARNING Execution of job "CollectTgtMoniInfo (trigger: interval[0:00:03], next run at: 2017-05-05 15:42:44 CST)" skipped: maximum number of running instances reached (1)
Fri, 05 May 2017 15:42:44 base.py[line:1004] DEBUG Next wakeup is due at 2017-05-05 15:42:47.970000+08:00 (in 2.999000 seconds)
Fri, 05 May 2017 15:42:47 base.py[line:131] ERROR Job "CollectTgtMoniInfo (trigger: interval[0:00:03], next run at: 2017-05-05 15:42:47 CST)" raised an exception
Traceback (most recent call last):
  File "C:\Python27\lib\site-packages\apscheduler\executors\base.py", line 125, in run_job
    retval = job.func(*job.args, **job.kwargs)
  File ".\collecttgtschd.py", line 60, in CollectTgtMoniInfo
    [ssh_status,path_status,script_status,r[5],datetime.datetime.now().strftime("%Y-%m-%d %H:%M:%S")])
  File "C:\Python27\lib\site-packages\MySQLdb\cursors.py", line 174, in execute
    self.errorhandler(self, exc, value)
  File "C:\Python27\lib\site-packages\MySQLdb\connections.py", line 36, in defaulterrorhandler
    raise errorclass, errorvalue
OperationalError: (1364, "Field 'active' doesn't have a default value")
Fri, 05 May 2017 15:42:47 base.py[line:924] DEBUG Looking for jobs to run
Fri, 05 May 2017 15:42:47 base.py[line:123] INFO Running job "CollectTgtMoniInfo (trigger: interval[0:00:03], next run at: 2017-05-05 15:42:47 CST)" (scheduled at 2017-05-05 15:42:47.970000+08:00)
Fri, 05 May 2017 15:42:47 collecttgtschd.py[line:20] INFO connect to database
Fri, 05 May 2017 15:42:47 base.py[line:1004] DEBUG Next wakeup is due at 2017-05-05 15:42:50.970000+08:00 (in 2.999000 seconds)
Fri, 05 May 2017 15:42:47 collecttgtschd.py[line:43] INFO begin to check connection of ssh :10.200.8.106
Fri, 05 May 2017 15:42:48 transport.py[line:1561] DEBUG starting thread (client mode): 0x3ff5400L
Fri, 05 May 2017 15:42:48 transport.py[line:1561] DEBUG Local version/idstring: SSH-2.0-paramiko_2.0.1
Fri, 05 May 2017 15:42:48 transport.py[line:1561] DEBUG Remote version/idstring: SSH-2.0-OpenSSH_5.3
Fri, 05 May 2017 15:42:48 transport.py[line:1561] INFO Connected (version 2.0, client OpenSSH_5.3)
Fri, 05 May 2017 15:42:48 transport.py[line:1561] DEBUG kex algos:[u'diffie-hellman-group-exchange-sha256', u'diffie-hellman-group-exchange-sha1', u'diffie-hellman-group14-sha1', u'diffie-hellman-group1-sha1'] server key:[u'ssh-rsa', u'ssh-dss'] client encrypt:[u'aes128-ctr', u'aes192-ctr', u'aes256-ctr', u'arcfour256', u'arcfour128', u'aes128-cbc', u'3des-cbc', u'blowfish-cbc', u'cast128-cbc', u'aes192-cbc', u'aes256-cbc', u'arcfour', u'rijndael-cbc@lysator.liu.se'] server encrypt:[u'aes128-ctr', u'aes192-ctr', u'aes256-ctr', u'arcfour256', u'arcfour128', u'aes128-cbc', u'3des-cbc', u'blowfish-cbc', u'cast128-cbc', u'aes192-cbc', u'aes256-cbc', u'arcfour', u'rijndael-cbc@lysator.liu.se'] client mac:[u'hmac-md5', u'hmac-sha1', u'umac-64@openssh.com', u'hmac-sha2-256', u'hmac-sha2-512', u'hmac-ripemd160', u'hmac-ripemd160@openssh.com', u'hmac-sha1-96', u'hmac-md5-96'] server mac:[u'hmac-md5', u'hmac-sha1', u'umac-64@openssh.com', u'hmac-sha2-256', u'hmac-sha2-512', u'hmac-ripemd160', u'hmac-ripemd160@openssh.com', u'hmac-sha1-96', u'hmac-md5-96'] client compress:[u'none', u'zlib@openssh.com'] server compress:[u'none', u'zlib@openssh.com'] client lang:[u''] server lang:[u''] kex follows?False
Fri, 05 May 2017 15:42:48 transport.py[line:1561] DEBUG Kex agreed: diffie-hellman-group1-sha1
Fri, 05 May 2017 15:42:48 transport.py[line:1561] DEBUG Cipher agreed: aes128-ctr
Fri, 05 May 2017 15:42:48 transport.py[line:1561] DEBUG MAC agreed: hmac-sha2-256
Fri, 05 May 2017 15:42:48 transport.py[line:1561] DEBUG Compression agreed: none
Fri, 05 May 2017 15:42:48 transport.py[line:1561] DEBUG kex engine KexGroup1 specified hash_algo <built-in function openssl_sha1>
Fri, 05 May 2017 15:42:48 transport.py[line:1561] DEBUG Switch to new keys ...
Fri, 05 May 2017 15:42:48 transport.py[line:1561] DEBUG Adding ssh-rsa host key for 10.200.8.106: 6fc021533e922ce067955cc5503d393a
Fri, 05 May 2017 15:42:48 transport.py[line:1561] DEBUG userauth is OK
Fri, 05 May 2017 15:42:50 base.py[line:924] DEBUG Looking for jobs to run
Fri, 05 May 2017 15:42:50 base.py[line:962] WARNING Execution of job "CollectTgtMoniInfo (trigger: interval[0:00:03], next run at: 2017-05-05 15:42:50 CST)" skipped: maximum number of running instances reached (1)
Fri, 05 May 2017 15:42:50 base.py[line:1004] DEBUG Next wakeup is due at 2017-05-05 15:42:53.970000+08:00 (in 2.996000 seconds)
Fri, 05 May 2017 15:42:53 base.py[line:924] DEBUG Looking for jobs to run
Fri, 05 May 2017 15:42:53 base.py[line:962] WARNING Execution of job "CollectTgtMoniInfo (trigger: interval[0:00:03], next run at: 2017-05-05 15:42:53 CST)" skipped: maximum number of running instances reached (1)
Fri, 05 May 2017 15:42:53 base.py[line:1004] DEBUG Next wakeup is due at 2017-05-05 15:42:56.970000+08:00 (in 2.998000 seconds)
Fri, 05 May 2017 15:42:56 base.py[line:924] DEBUG Looking for jobs to run
Fri, 05 May 2017 15:42:56 base.py[line:962] WARNING Execution of job "CollectTgtMoniInfo (trigger: interval[0:00:03], next run at: 2017-05-05 15:42:56 CST)" skipped: maximum number of running instances reached (1)
Fri, 05 May 2017 15:42:56 base.py[line:1004] DEBUG Next wakeup is due at 2017-05-05 15:42:59.970000+08:00 (in 2.998000 seconds)
Fri, 05 May 2017 15:42:58 transport.py[line:1561] INFO Authentication (password) successful!
Fri, 05 May 2017 15:42:58 channel.py[line:1089] DEBUG [chan 0] Max packet in: 32768 bytes
Fri, 05 May 2017 15:42:58 channel.py[line:1089] DEBUG [chan 0] Max packet out: 32768 bytes
Fri, 05 May 2017 15:42:58 transport.py[line:1561] DEBUG Secsh channel 0 opened.
Fri, 05 May 2017 15:42:58 channel.py[line:1089] DEBUG [chan 0] Sesch channel 0 request ok
Fri, 05 May 2017 15:42:58 channel.py[line:1089] DEBUG [chan 0] EOF received (0)
Fri, 05 May 2017 15:42:58 channel.py[line:1089] DEBUG [chan 0] EOF sent (0)
Fri, 05 May 2017 15:42:58 channel.py[line:1089] DEBUG [chan 1] Max packet in: 32768 bytes
Fri, 05 May 2017 15:42:58 channel.py[line:1089] DEBUG [chan 1] Max packet out: 32768 bytes
Fri, 05 May 2017 15:42:58 transport.py[line:1561] DEBUG Secsh channel 1 opened.
Fri, 05 May 2017 15:42:58 channel.py[line:1089] DEBUG [chan 1] Sesch channel 1 request ok
Fri, 05 May 2017 15:42:58 channel.py[line:1089] DEBUG [chan 1] EOF received (1)
Fri, 05 May 2017 15:42:58 channel.py[line:1089] DEBUG [chan 1] EOF sent (1)
Fri, 05 May 2017 15:42:58 transport.py[line:1561] DEBUG EOF in transport thread
Fri, 05 May 2017 15:42:58 collecttgtschd.py[line:43] INFO begin to check connection of ssh :10.200.8.108
Fri, 05 May 2017 15:42:59 base.py[line:924] DEBUG Looking for jobs to run
Fri, 05 May 2017 15:42:59 base.py[line:962] WARNING Execution of job "CollectTgtMoniInfo (trigger: interval[0:00:03], next run at: 2017-05-05 15:42:59 CST)" skipped: maximum number of running instances reached (1)
Fri, 05 May 2017 15:42:59 base.py[line:1004] DEBUG Next wakeup is due at 2017-05-05 15:43:02.970000+08:00 (in 2.999000 seconds)
Fri, 05 May 2017 15:43:02 base.py[line:924] DEBUG Looking for jobs to run
Fri, 05 May 2017 15:43:02 base.py[line:962] WARNING Execution of job "CollectTgtMoniInfo (trigger: interval[0:00:03], next run at: 2017-05-05 15:43:02 CST)" skipped: maximum number of running instances reached (1)
Fri, 05 May 2017 15:43:02 base.py[line:1004] DEBUG Next wakeup is due at 2017-05-05 15:43:05.970000+08:00 (in 2.999000 seconds)
Fri, 05 May 2017 15:43:05 base.py[line:924] DEBUG Looking for jobs to run
Fri, 05 May 2017 15:43:05 base.py[line:962] WARNING Execution of job "CollectTgtMoniInfo (trigger: interval[0:00:03], next run at: 2017-05-05 15:43:05 CST)" skipped: maximum number of running instances reached (1)
Fri, 05 May 2017 15:43:05 base.py[line:1004] DEBUG Next wakeup is due at 2017-05-05 15:43:08.970000+08:00 (in 3.000000 seconds)
Fri, 05 May 2017 15:43:08 base.py[line:924] DEBUG Looking for jobs to run
Fri, 05 May 2017 15:43:08 base.py[line:962] WARNING Execution of job "CollectTgtMoniInfo (trigger: interval[0:00:03], next run at: 2017-05-05 15:43:08 CST)" skipped: maximum number of running instances reached (1)
Fri, 05 May 2017 15:43:08 base.py[line:1004] DEBUG Next wakeup is due at 2017-05-05 15:43:11.970000+08:00 (in 2.999000 seconds)
Fri, 05 May 2017 15:43:11 base.py[line:924] DEBUG Looking for jobs to run
Fri, 05 May 2017 15:43:11 base.py[line:962] WARNING Execution of job "CollectTgtMoniInfo (trigger: interval[0:00:03], next run at: 2017-05-05 15:43:11 CST)" skipped: maximum number of running instances reached (1)
Fri, 05 May 2017 15:43:11 base.py[line:1004] DEBUG Next wakeup is due at 2017-05-05 15:43:14.970000+08:00 (in 2.999000 seconds)
Fri, 05 May 2017 15:43:14 base.py[line:924] DEBUG Looking for jobs to run
Fri, 05 May 2017 15:43:14 base.py[line:962] WARNING Execution of job "CollectTgtMoniInfo (trigger: interval[0:00:03], next run at: 2017-05-05 15:43:14 CST)" skipped: maximum number of running instances reached (1)
Fri, 05 May 2017 15:43:14 base.py[line:1004] DEBUG Next wakeup is due at 2017-05-05 15:43:17.970000+08:00 (in 3.000000 seconds)
Fri, 05 May 2017 15:43:17 base.py[line:924] DEBUG Looking for jobs to run
Fri, 05 May 2017 15:43:17 base.py[line:962] WARNING Execution of job "CollectTgtMoniInfo (trigger: interval[0:00:03], next run at: 2017-05-05 15:43:17 CST)" skipped: maximum number of running instances reached (1)
Fri, 05 May 2017 15:43:17 base.py[line:1004] DEBUG Next wakeup is due at 2017-05-05 15:43:20.970000+08:00 (in 2.999000 seconds)
Fri, 05 May 2017 15:43:19 base.py[line:131] ERROR Job "CollectTgtMoniInfo (trigger: interval[0:00:03], next run at: 2017-05-05 15:43:20 CST)" raised an exception
Traceback (most recent call last):
  File "C:\Python27\lib\site-packages\apscheduler\executors\base.py", line 125, in run_job
    retval = job.func(*job.args, **job.kwargs)
  File ".\collecttgtschd.py", line 60, in CollectTgtMoniInfo
    [ssh_status,path_status,script_status,r[5],datetime.datetime.now().strftime("%Y-%m-%d %H:%M:%S")])
  File "C:\Python27\lib\site-packages\MySQLdb\cursors.py", line 174, in execute
    self.errorhandler(self, exc, value)
  File "C:\Python27\lib\site-packages\MySQLdb\connections.py", line 36, in defaulterrorhandler
    raise errorclass, errorvalue
OperationalError: (1364, "Field 'active' doesn't have a default value")
Fri, 05 May 2017 15:43:20 base.py[line:924] DEBUG Looking for jobs to run
Fri, 05 May 2017 15:43:20 base.py[line:123] INFO Running job "CollectTgtMoniInfo (trigger: interval[0:00:03], next run at: 2017-05-05 15:43:20 CST)" (scheduled at 2017-05-05 15:43:20.970000+08:00)
Fri, 05 May 2017 15:43:20 base.py[line:1004] DEBUG Next wakeup is due at 2017-05-05 15:43:23.970000+08:00 (in 2.999000 seconds)
Fri, 05 May 2017 15:43:20 collecttgtschd.py[line:20] INFO connect to database
Fri, 05 May 2017 15:43:20 collecttgtschd.py[line:43] INFO begin to check connection of ssh :10.200.8.106
Fri, 05 May 2017 15:43:20 transport.py[line:1561] DEBUG starting thread (client mode): 0x3ff55f8L
Fri, 05 May 2017 15:43:20 transport.py[line:1561] DEBUG Local version/idstring: SSH-2.0-paramiko_2.0.1
Fri, 05 May 2017 15:43:21 transport.py[line:1561] DEBUG Remote version/idstring: SSH-2.0-OpenSSH_5.3
Fri, 05 May 2017 15:43:21 transport.py[line:1561] INFO Connected (version 2.0, client OpenSSH_5.3)
Fri, 05 May 2017 15:43:21 transport.py[line:1561] DEBUG kex algos:[u'diffie-hellman-group-exchange-sha256', u'diffie-hellman-group-exchange-sha1', u'diffie-hellman-group14-sha1', u'diffie-hellman-group1-sha1'] server key:[u'ssh-rsa', u'ssh-dss'] client encrypt:[u'aes128-ctr', u'aes192-ctr', u'aes256-ctr', u'arcfour256', u'arcfour128', u'aes128-cbc', u'3des-cbc', u'blowfish-cbc', u'cast128-cbc', u'aes192-cbc', u'aes256-cbc', u'arcfour', u'rijndael-cbc@lysator.liu.se'] server encrypt:[u'aes128-ctr', u'aes192-ctr', u'aes256-ctr', u'arcfour256', u'arcfour128', u'aes128-cbc', u'3des-cbc', u'blowfish-cbc', u'cast128-cbc', u'aes192-cbc', u'aes256-cbc', u'arcfour', u'rijndael-cbc@lysator.liu.se'] client mac:[u'hmac-md5', u'hmac-sha1', u'umac-64@openssh.com', u'hmac-sha2-256', u'hmac-sha2-512', u'hmac-ripemd160', u'hmac-ripemd160@openssh.com', u'hmac-sha1-96', u'hmac-md5-96'] server mac:[u'hmac-md5', u'hmac-sha1', u'umac-64@openssh.com', u'hmac-sha2-256', u'hmac-sha2-512', u'hmac-ripemd160', u'hmac-ripemd160@openssh.com', u'hmac-sha1-96', u'hmac-md5-96'] client compress:[u'none', u'zlib@openssh.com'] server compress:[u'none', u'zlib@openssh.com'] client lang:[u''] server lang:[u''] kex follows?False
Fri, 05 May 2017 15:43:21 transport.py[line:1561] DEBUG Kex agreed: diffie-hellman-group1-sha1
Fri, 05 May 2017 15:43:21 transport.py[line:1561] DEBUG Cipher agreed: aes128-ctr
Fri, 05 May 2017 15:43:21 transport.py[line:1561] DEBUG MAC agreed: hmac-sha2-256
Fri, 05 May 2017 15:43:21 transport.py[line:1561] DEBUG Compression agreed: none
Fri, 05 May 2017 15:43:21 transport.py[line:1561] DEBUG kex engine KexGroup1 specified hash_algo <built-in function openssl_sha1>
Fri, 05 May 2017 15:43:21 transport.py[line:1561] DEBUG Switch to new keys ...
Fri, 05 May 2017 15:43:21 transport.py[line:1561] DEBUG Adding ssh-rsa host key for 10.200.8.106: 6fc021533e922ce067955cc5503d393a
Fri, 05 May 2017 15:43:21 transport.py[line:1561] DEBUG userauth is OK
Fri, 05 May 2017 15:43:23 base.py[line:924] DEBUG Looking for jobs to run
Fri, 05 May 2017 15:43:23 base.py[line:962] WARNING Execution of job "CollectTgtMoniInfo (trigger: interval[0:00:03], next run at: 2017-05-05 15:43:23 CST)" skipped: maximum number of running instances reached (1)
Fri, 05 May 2017 15:43:23 base.py[line:1004] DEBUG Next wakeup is due at 2017-05-05 15:43:26.970000+08:00 (in 2.999000 seconds)
Fri, 05 May 2017 15:43:26 base.py[line:924] DEBUG Looking for jobs to run
Fri, 05 May 2017 15:43:26 base.py[line:962] WARNING Execution of job "CollectTgtMoniInfo (trigger: interval[0:00:03], next run at: 2017-05-05 15:43:26 CST)" skipped: maximum number of running instances reached (1)
Fri, 05 May 2017 15:43:26 base.py[line:1004] DEBUG Next wakeup is due at 2017-05-05 15:43:29.970000+08:00 (in 2.999000 seconds)
Fri, 05 May 2017 15:43:29 base.py[line:924] DEBUG Looking for jobs to run
Fri, 05 May 2017 15:43:29 base.py[line:962] WARNING Execution of job "CollectTgtMoniInfo (trigger: interval[0:00:03], next run at: 2017-05-05 15:43:29 CST)" skipped: maximum number of running instances reached (1)
Fri, 05 May 2017 15:43:29 base.py[line:1004] DEBUG Next wakeup is due at 2017-05-05 15:43:32.970000+08:00 (in 2.999000 seconds)
Fri, 05 May 2017 15:43:31 transport.py[line:1561] INFO Authentication (password) successful!
Fri, 05 May 2017 15:43:31 channel.py[line:1089] DEBUG [chan 0] Max packet in: 32768 bytes
Fri, 05 May 2017 15:43:31 channel.py[line:1089] DEBUG [chan 0] Max packet out: 32768 bytes
Fri, 05 May 2017 15:43:31 transport.py[line:1561] DEBUG Secsh channel 0 opened.
Fri, 05 May 2017 15:43:31 channel.py[line:1089] DEBUG [chan 0] Sesch channel 0 request ok
Fri, 05 May 2017 15:43:31 channel.py[line:1089] DEBUG [chan 0] EOF received (0)
Fri, 05 May 2017 15:43:31 channel.py[line:1089] DEBUG [chan 0] EOF sent (0)
Fri, 05 May 2017 15:43:31 channel.py[line:1089] DEBUG [chan 1] Max packet in: 32768 bytes
Fri, 05 May 2017 15:43:31 channel.py[line:1089] DEBUG [chan 1] Max packet out: 32768 bytes
Fri, 05 May 2017 15:43:31 transport.py[line:1561] DEBUG Secsh channel 1 opened.
Fri, 05 May 2017 15:43:31 channel.py[line:1089] DEBUG [chan 1] Sesch channel 1 request ok
Fri, 05 May 2017 15:43:31 channel.py[line:1089] DEBUG [chan 1] EOF received (1)
Fri, 05 May 2017 15:43:31 channel.py[line:1089] DEBUG [chan 1] EOF sent (1)
Fri, 05 May 2017 15:43:31 transport.py[line:1561] DEBUG Dropping user packet because connection is dead.
Fri, 05 May 2017 15:43:31 transport.py[line:1561] DEBUG Dropping user packet because connection is dead.
Fri, 05 May 2017 15:43:31 collecttgtschd.py[line:43] INFO begin to check connection of ssh :10.200.8.108
Fri, 05 May 2017 15:43:32 base.py[line:924] DEBUG Looking for jobs to run
Fri, 05 May 2017 15:43:32 base.py[line:962] WARNING Execution of job "CollectTgtMoniInfo (trigger: interval[0:00:03], next run at: 2017-05-05 15:43:32 CST)" skipped: maximum number of running instances reached (1)
Fri, 05 May 2017 15:43:32 base.py[line:1004] DEBUG Next wakeup is due at 2017-05-05 15:43:35.970000+08:00 (in 2.999000 seconds)
Fri, 05 May 2017 15:43:35 base.py[line:924] DEBUG Looking for jobs to run
Fri, 05 May 2017 15:43:35 base.py[line:962] WARNING Execution of job "CollectTgtMoniInfo (trigger: interval[0:00:03], next run at: 2017-05-05 15:43:35 CST)" skipped: maximum number of running instances reached (1)
Fri, 05 May 2017 15:43:35 base.py[line:1004] DEBUG Next wakeup is due at 2017-05-05 15:43:38.970000+08:00 (in 2.999000 seconds)
Fri, 05 May 2017 15:43:38 base.py[line:924] DEBUG Looking for jobs to run
Fri, 05 May 2017 15:43:38 base.py[line:962] WARNING Execution of job "CollectTgtMoniInfo (trigger: interval[0:00:03], next run at: 2017-05-05 15:43:38 CST)" skipped: maximum number of running instances reached (1)
Fri, 05 May 2017 15:43:38 base.py[line:1004] DEBUG Next wakeup is due at 2017-05-05 15:43:41.970000+08:00 (in 2.999000 seconds)
Fri, 05 May 2017 15:43:41 base.py[line:924] DEBUG Looking for jobs to run
Fri, 05 May 2017 15:43:41 base.py[line:962] WARNING Execution of job "CollectTgtMoniInfo (trigger: interval[0:00:03], next run at: 2017-05-05 15:43:41 CST)" skipped: maximum number of running instances reached (1)
Fri, 05 May 2017 15:43:41 base.py[line:1004] DEBUG Next wakeup is due at 2017-05-05 15:43:44.970000+08:00 (in 2.999000 seconds)
Fri, 05 May 2017 15:43:44 base.py[line:924] DEBUG Looking for jobs to run
Fri, 05 May 2017 15:43:44 base.py[line:962] WARNING Execution of job "CollectTgtMoniInfo (trigger: interval[0:00:03], next run at: 2017-05-05 15:43:44 CST)" skipped: maximum number of running instances reached (1)
Fri, 05 May 2017 15:43:44 base.py[line:1004] DEBUG Next wakeup is due at 2017-05-05 15:43:47.970000+08:00 (in 2.999000 seconds)
Fri, 05 May 2017 15:43:47 base.py[line:924] DEBUG Looking for jobs to run
Fri, 05 May 2017 15:43:47 base.py[line:962] WARNING Execution of job "CollectTgtMoniInfo (trigger: interval[0:00:03], next run at: 2017-05-05 15:43:47 CST)" skipped: maximum number of running instances reached (1)
Fri, 05 May 2017 15:43:47 base.py[line:1004] DEBUG Next wakeup is due at 2017-05-05 15:43:50.970000+08:00 (in 2.999000 seconds)
Fri, 05 May 2017 15:43:50 base.py[line:924] DEBUG Looking for jobs to run
Fri, 05 May 2017 15:43:50 base.py[line:962] WARNING Execution of job "CollectTgtMoniInfo (trigger: interval[0:00:03], next run at: 2017-05-05 15:43:50 CST)" skipped: maximum number of running instances reached (1)
Fri, 05 May 2017 15:43:50 base.py[line:1004] DEBUG Next wakeup is due at 2017-05-05 15:43:53.970000+08:00 (in 2.999000 seconds)
Fri, 05 May 2017 15:43:52 base.py[line:131] ERROR Job "CollectTgtMoniInfo (trigger: interval[0:00:03], next run at: 2017-05-05 15:43:53 CST)" raised an exception
Traceback (most recent call last):
  File "C:\Python27\lib\site-packages\apscheduler\executors\base.py", line 125, in run_job
    retval = job.func(*job.args, **job.kwargs)
  File ".\collecttgtschd.py", line 60, in CollectTgtMoniInfo
    [ssh_status,path_status,script_status,r[5],datetime.datetime.now().strftime("%Y-%m-%d %H:%M:%S")])
  File "C:\Python27\lib\site-packages\MySQLdb\cursors.py", line 174, in execute
    self.errorhandler(self, exc, value)
  File "C:\Python27\lib\site-packages\MySQLdb\connections.py", line 36, in defaulterrorhandler
    raise errorclass, errorvalue
OperationalError: (1364, "Field 'active' doesn't have a default value")
Fri, 05 May 2017 15:43:53 base.py[line:924] DEBUG Looking for jobs to run
Fri, 05 May 2017 15:43:53 base.py[line:123] INFO Running job "CollectTgtMoniInfo (trigger: interval[0:00:03], next run at: 2017-05-05 15:43:53 CST)" (scheduled at 2017-05-05 15:43:53.970000+08:00)
Fri, 05 May 2017 15:43:53 collecttgtschd.py[line:20] INFO connect to database
Fri, 05 May 2017 15:43:53 base.py[line:1004] DEBUG Next wakeup is due at 2017-05-05 15:43:56.970000+08:00 (in 2.999000 seconds)
Fri, 05 May 2017 15:43:53 collecttgtschd.py[line:43] INFO begin to check connection of ssh :10.200.8.106
Fri, 05 May 2017 15:43:53 transport.py[line:1561] DEBUG starting thread (client mode): 0x3ffa9e8L
Fri, 05 May 2017 15:43:53 transport.py[line:1561] DEBUG Local version/idstring: SSH-2.0-paramiko_2.0.1
Fri, 05 May 2017 15:43:54 transport.py[line:1561] DEBUG Remote version/idstring: SSH-2.0-OpenSSH_5.3
Fri, 05 May 2017 15:43:54 transport.py[line:1561] INFO Connected (version 2.0, client OpenSSH_5.3)
Fri, 05 May 2017 15:43:54 transport.py[line:1561] DEBUG kex algos:[u'diffie-hellman-group-exchange-sha256', u'diffie-hellman-group-exchange-sha1', u'diffie-hellman-group14-sha1', u'diffie-hellman-group1-sha1'] server key:[u'ssh-rsa', u'ssh-dss'] client encrypt:[u'aes128-ctr', u'aes192-ctr', u'aes256-ctr', u'arcfour256', u'arcfour128', u'aes128-cbc', u'3des-cbc', u'blowfish-cbc', u'cast128-cbc', u'aes192-cbc', u'aes256-cbc', u'arcfour', u'rijndael-cbc@lysator.liu.se'] server encrypt:[u'aes128-ctr', u'aes192-ctr', u'aes256-ctr', u'arcfour256', u'arcfour128', u'aes128-cbc', u'3des-cbc', u'blowfish-cbc', u'cast128-cbc', u'aes192-cbc', u'aes256-cbc', u'arcfour', u'rijndael-cbc@lysator.liu.se'] client mac:[u'hmac-md5', u'hmac-sha1', u'umac-64@openssh.com', u'hmac-sha2-256', u'hmac-sha2-512', u'hmac-ripemd160', u'hmac-ripemd160@openssh.com', u'hmac-sha1-96', u'hmac-md5-96'] server mac:[u'hmac-md5', u'hmac-sha1', u'umac-64@openssh.com', u'hmac-sha2-256', u'hmac-sha2-512', u'hmac-ripemd160', u'hmac-ripemd160@openssh.com', u'hmac-sha1-96', u'hmac-md5-96'] client compress:[u'none', u'zlib@openssh.com'] server compress:[u'none', u'zlib@openssh.com'] client lang:[u''] server lang:[u''] kex follows?False
Fri, 05 May 2017 15:43:54 transport.py[line:1561] DEBUG Kex agreed: diffie-hellman-group1-sha1
Fri, 05 May 2017 15:43:54 transport.py[line:1561] DEBUG Cipher agreed: aes128-ctr
Fri, 05 May 2017 15:43:54 transport.py[line:1561] DEBUG MAC agreed: hmac-sha2-256
Fri, 05 May 2017 15:43:54 transport.py[line:1561] DEBUG Compression agreed: none
Fri, 05 May 2017 15:43:54 transport.py[line:1561] DEBUG kex engine KexGroup1 specified hash_algo <built-in function openssl_sha1>
Fri, 05 May 2017 15:43:54 transport.py[line:1561] DEBUG Switch to new keys ...
Fri, 05 May 2017 15:43:54 transport.py[line:1561] DEBUG Adding ssh-rsa host key for 10.200.8.106: 6fc021533e922ce067955cc5503d393a
Fri, 05 May 2017 15:43:54 transport.py[line:1561] DEBUG userauth is OK
Fri, 05 May 2017 15:43:56 base.py[line:924] DEBUG Looking for jobs to run
Fri, 05 May 2017 15:43:56 base.py[line:962] WARNING Execution of job "CollectTgtMoniInfo (trigger: interval[0:00:03], next run at: 2017-05-05 15:43:56 CST)" skipped: maximum number of running instances reached (1)
Fri, 05 May 2017 15:43:56 base.py[line:1004] DEBUG Next wakeup is due at 2017-05-05 15:43:59.970000+08:00 (in 2.996000 seconds)
Fri, 05 May 2017 15:43:59 base.py[line:924] DEBUG Looking for jobs to run
Fri, 05 May 2017 15:43:59 base.py[line:962] WARNING Execution of job "CollectTgtMoniInfo (trigger: interval[0:00:03], next run at: 2017-05-05 15:43:59 CST)" skipped: maximum number of running instances reached (1)
Fri, 05 May 2017 15:43:59 base.py[line:1004] DEBUG Next wakeup is due at 2017-05-05 15:44:02.970000+08:00 (in 2.999000 seconds)
Fri, 05 May 2017 15:44:02 base.py[line:924] DEBUG Looking for jobs to run
Fri, 05 May 2017 15:44:02 base.py[line:962] WARNING Execution of job "CollectTgtMoniInfo (trigger: interval[0:00:03], next run at: 2017-05-05 15:44:02 CST)" skipped: maximum number of running instances reached (1)
Fri, 05 May 2017 15:44:02 base.py[line:1004] DEBUG Next wakeup is due at 2017-05-05 15:44:05.970000+08:00 (in 2.999000 seconds)
Fri, 05 May 2017 15:44:04 transport.py[line:1561] INFO Authentication (password) successful!
Fri, 05 May 2017 15:44:04 channel.py[line:1089] DEBUG [chan 0] Max packet in: 32768 bytes
Fri, 05 May 2017 15:44:04 channel.py[line:1089] DEBUG [chan 0] Max packet out: 32768 bytes
Fri, 05 May 2017 15:44:04 transport.py[line:1561] DEBUG Secsh channel 0 opened.
Fri, 05 May 2017 15:44:04 channel.py[line:1089] DEBUG [chan 0] Sesch channel 0 request ok
Fri, 05 May 2017 15:44:04 channel.py[line:1089] DEBUG [chan 0] EOF received (0)
Fri, 05 May 2017 15:44:04 channel.py[line:1089] DEBUG [chan 0] EOF sent (0)
Fri, 05 May 2017 15:44:04 channel.py[line:1089] DEBUG [chan 1] Max packet in: 32768 bytes
Fri, 05 May 2017 15:44:04 channel.py[line:1089] DEBUG [chan 1] Max packet out: 32768 bytes
Fri, 05 May 2017 15:44:04 transport.py[line:1561] DEBUG Secsh channel 1 opened.
Fri, 05 May 2017 15:44:04 channel.py[line:1089] DEBUG [chan 1] Sesch channel 1 request ok
Fri, 05 May 2017 15:44:04 channel.py[line:1089] DEBUG [chan 1] EOF received (1)
Fri, 05 May 2017 15:44:04 channel.py[line:1089] DEBUG [chan 1] EOF sent (1)
Fri, 05 May 2017 15:44:04 transport.py[line:1561] DEBUG EOF in transport thread
Fri, 05 May 2017 15:44:04 collecttgtschd.py[line:43] INFO begin to check connection of ssh :10.200.8.108
Fri, 05 May 2017 15:44:05 base.py[line:924] DEBUG Looking for jobs to run
Fri, 05 May 2017 15:44:05 base.py[line:962] WARNING Execution of job "CollectTgtMoniInfo (trigger: interval[0:00:03], next run at: 2017-05-05 15:44:05 CST)" skipped: maximum number of running instances reached (1)
Fri, 05 May 2017 15:44:05 base.py[line:1004] DEBUG Next wakeup is due at 2017-05-05 15:44:08.970000+08:00 (in 3.000000 seconds)
Fri, 05 May 2017 15:44:08 base.py[line:924] DEBUG Looking for jobs to run
Fri, 05 May 2017 15:44:08 base.py[line:962] WARNING Execution of job "CollectTgtMoniInfo (trigger: interval[0:00:03], next run at: 2017-05-05 15:44:08 CST)" skipped: maximum number of running instances reached (1)
Fri, 05 May 2017 15:44:08 base.py[line:1004] DEBUG Next wakeup is due at 2017-05-05 15:44:11.970000+08:00 (in 2.999000 seconds)
Fri, 05 May 2017 15:44:11 base.py[line:924] DEBUG Looking for jobs to run
Fri, 05 May 2017 15:44:11 base.py[line:962] WARNING Execution of job "CollectTgtMoniInfo (trigger: interval[0:00:03], next run at: 2017-05-05 15:44:11 CST)" skipped: maximum number of running instances reached (1)
Fri, 05 May 2017 15:44:11 base.py[line:1004] DEBUG Next wakeup is due at 2017-05-05 15:44:14.970000+08:00 (in 2.999000 seconds)
Fri, 05 May 2017 15:44:14 base.py[line:924] DEBUG Looking for jobs to run
Fri, 05 May 2017 15:44:14 base.py[line:962] WARNING Execution of job "CollectTgtMoniInfo (trigger: interval[0:00:03], next run at: 2017-05-05 15:44:14 CST)" skipped: maximum number of running instances reached (1)
Fri, 05 May 2017 15:44:14 base.py[line:1004] DEBUG Next wakeup is due at 2017-05-05 15:44:17.970000+08:00 (in 2.999000 seconds)
Fri, 05 May 2017 15:44:17 base.py[line:924] DEBUG Looking for jobs to run
Fri, 05 May 2017 15:44:17 base.py[line:962] WARNING Execution of job "CollectTgtMoniInfo (trigger: interval[0:00:03], next run at: 2017-05-05 15:44:17 CST)" skipped: maximum number of running instances reached (1)
Fri, 05 May 2017 15:44:17 base.py[line:1004] DEBUG Next wakeup is due at 2017-05-05 15:44:20.970000+08:00 (in 2.999000 seconds)
Fri, 05 May 2017 15:44:20 base.py[line:924] DEBUG Looking for jobs to run
Fri, 05 May 2017 15:44:20 base.py[line:962] WARNING Execution of job "CollectTgtMoniInfo (trigger: interval[0:00:03], next run at: 2017-05-05 15:44:20 CST)" skipped: maximum number of running instances reached (1)
Fri, 05 May 2017 15:44:20 base.py[line:1004] DEBUG Next wakeup is due at 2017-05-05 15:44:23.970000+08:00 (in 2.999000 seconds)
Fri, 05 May 2017 15:44:23 base.py[line:924] DEBUG Looking for jobs to run
Fri, 05 May 2017 15:44:23 base.py[line:962] WARNING Execution of job "CollectTgtMoniInfo (trigger: interval[0:00:03], next run at: 2017-05-05 15:44:23 CST)" skipped: maximum number of running instances reached (1)
Fri, 05 May 2017 15:44:23 base.py[line:1004] DEBUG Next wakeup is due at 2017-05-05 15:44:26.970000+08:00 (in 2.999000 seconds)
Fri, 05 May 2017 15:44:25 base.py[line:131] ERROR Job "CollectTgtMoniInfo (trigger: interval[0:00:03], next run at: 2017-05-05 15:44:26 CST)" raised an exception
Traceback (most recent call last):
  File "C:\Python27\lib\site-packages\apscheduler\executors\base.py", line 125, in run_job
    retval = job.func(*job.args, **job.kwargs)
  File ".\collecttgtschd.py", line 60, in CollectTgtMoniInfo
    [ssh_status,path_status,script_status,r[5],datetime.datetime.now().strftime("%Y-%m-%d %H:%M:%S")])
  File "C:\Python27\lib\site-packages\MySQLdb\cursors.py", line 174, in execute
    self.errorhandler(self, exc, value)
  File "C:\Python27\lib\site-packages\MySQLdb\connections.py", line 36, in defaulterrorhandler
    raise errorclass, errorvalue
OperationalError: (1364, "Field 'active' doesn't have a default value")
Fri, 05 May 2017 15:44:26 base.py[line:924] DEBUG Looking for jobs to run
Fri, 05 May 2017 15:44:26 base.py[line:123] INFO Running job "CollectTgtMoniInfo (trigger: interval[0:00:03], next run at: 2017-05-05 15:44:26 CST)" (scheduled at 2017-05-05 15:44:26.970000+08:00)
Fri, 05 May 2017 15:44:26 base.py[line:1004] DEBUG Next wakeup is due at 2017-05-05 15:44:29.970000+08:00 (in 2.999000 seconds)
Fri, 05 May 2017 15:44:26 collecttgtschd.py[line:20] INFO connect to database
Fri, 05 May 2017 15:44:26 collecttgtschd.py[line:43] INFO begin to check connection of ssh :10.200.8.106
Fri, 05 May 2017 15:44:27 transport.py[line:1561] DEBUG starting thread (client mode): 0x4001da0L
Fri, 05 May 2017 15:44:27 transport.py[line:1561] DEBUG Local version/idstring: SSH-2.0-paramiko_2.0.1
Fri, 05 May 2017 15:44:27 transport.py[line:1561] DEBUG Remote version/idstring: SSH-2.0-OpenSSH_5.3
Fri, 05 May 2017 15:44:27 transport.py[line:1561] INFO Connected (version 2.0, client OpenSSH_5.3)
Fri, 05 May 2017 15:44:27 transport.py[line:1561] DEBUG kex algos:[u'diffie-hellman-group-exchange-sha256', u'diffie-hellman-group-exchange-sha1', u'diffie-hellman-group14-sha1', u'diffie-hellman-group1-sha1'] server key:[u'ssh-rsa', u'ssh-dss'] client encrypt:[u'aes128-ctr', u'aes192-ctr', u'aes256-ctr', u'arcfour256', u'arcfour128', u'aes128-cbc', u'3des-cbc', u'blowfish-cbc', u'cast128-cbc', u'aes192-cbc', u'aes256-cbc', u'arcfour', u'rijndael-cbc@lysator.liu.se'] server encrypt:[u'aes128-ctr', u'aes192-ctr', u'aes256-ctr', u'arcfour256', u'arcfour128', u'aes128-cbc', u'3des-cbc', u'blowfish-cbc', u'cast128-cbc', u'aes192-cbc', u'aes256-cbc', u'arcfour', u'rijndael-cbc@lysator.liu.se'] client mac:[u'hmac-md5', u'hmac-sha1', u'umac-64@openssh.com', u'hmac-sha2-256', u'hmac-sha2-512', u'hmac-ripemd160', u'hmac-ripemd160@openssh.com', u'hmac-sha1-96', u'hmac-md5-96'] server mac:[u'hmac-md5', u'hmac-sha1', u'umac-64@openssh.com', u'hmac-sha2-256', u'hmac-sha2-512', u'hmac-ripemd160', u'hmac-ripemd160@openssh.com', u'hmac-sha1-96', u'hmac-md5-96'] client compress:[u'none', u'zlib@openssh.com'] server compress:[u'none', u'zlib@openssh.com'] client lang:[u''] server lang:[u''] kex follows?False
Fri, 05 May 2017 15:44:27 transport.py[line:1561] DEBUG Kex agreed: diffie-hellman-group1-sha1
Fri, 05 May 2017 15:44:27 transport.py[line:1561] DEBUG Cipher agreed: aes128-ctr
Fri, 05 May 2017 15:44:27 transport.py[line:1561] DEBUG MAC agreed: hmac-sha2-256
Fri, 05 May 2017 15:44:27 transport.py[line:1561] DEBUG Compression agreed: none
Fri, 05 May 2017 15:44:27 transport.py[line:1561] DEBUG kex engine KexGroup1 specified hash_algo <built-in function openssl_sha1>
Fri, 05 May 2017 15:44:27 transport.py[line:1561] DEBUG Switch to new keys ...
Fri, 05 May 2017 15:44:27 transport.py[line:1561] DEBUG Adding ssh-rsa host key for 10.200.8.106: 6fc021533e922ce067955cc5503d393a
Fri, 05 May 2017 15:44:27 transport.py[line:1561] DEBUG userauth is OK
Fri, 05 May 2017 15:44:29 base.py[line:924] DEBUG Looking for jobs to run
Fri, 05 May 2017 15:44:29 base.py[line:962] WARNING Execution of job "CollectTgtMoniInfo (trigger: interval[0:00:03], next run at: 2017-05-05 15:44:29 CST)" skipped: maximum number of running instances reached (1)
Fri, 05 May 2017 15:44:29 base.py[line:1004] DEBUG Next wakeup is due at 2017-05-05 15:44:32.970000+08:00 (in 2.996000 seconds)
Fri, 05 May 2017 15:44:32 base.py[line:924] DEBUG Looking for jobs to run
Fri, 05 May 2017 15:44:32 base.py[line:962] WARNING Execution of job "CollectTgtMoniInfo (trigger: interval[0:00:03], next run at: 2017-05-05 15:44:32 CST)" skipped: maximum number of running instances reached (1)
Fri, 05 May 2017 15:44:32 base.py[line:1004] DEBUG Next wakeup is due at 2017-05-05 15:44:35.970000+08:00 (in 3.000000 seconds)
Fri, 05 May 2017 15:44:35 base.py[line:924] DEBUG Looking for jobs to run
Fri, 05 May 2017 15:44:35 base.py[line:962] WARNING Execution of job "CollectTgtMoniInfo (trigger: interval[0:00:03], next run at: 2017-05-05 15:44:35 CST)" skipped: maximum number of running instances reached (1)
Fri, 05 May 2017 15:44:35 base.py[line:1004] DEBUG Next wakeup is due at 2017-05-05 15:44:38.970000+08:00 (in 2.999000 seconds)
Fri, 05 May 2017 15:44:37 transport.py[line:1561] INFO Authentication (password) successful!
Fri, 05 May 2017 15:44:37 channel.py[line:1089] DEBUG [chan 0] Max packet in: 32768 bytes
Fri, 05 May 2017 15:44:37 channel.py[line:1089] DEBUG [chan 0] Max packet out: 32768 bytes
Fri, 05 May 2017 15:44:37 transport.py[line:1561] DEBUG Secsh channel 0 opened.
Fri, 05 May 2017 15:44:37 channel.py[line:1089] DEBUG [chan 0] Sesch channel 0 request ok
Fri, 05 May 2017 15:44:37 channel.py[line:1089] DEBUG [chan 0] EOF received (0)
Fri, 05 May 2017 15:44:37 channel.py[line:1089] DEBUG [chan 0] EOF sent (0)
Fri, 05 May 2017 15:44:37 channel.py[line:1089] DEBUG [chan 1] Max packet in: 32768 bytes
Fri, 05 May 2017 15:44:37 channel.py[line:1089] DEBUG [chan 1] Max packet out: 32768 bytes
Fri, 05 May 2017 15:44:37 transport.py[line:1561] DEBUG Secsh channel 1 opened.
Fri, 05 May 2017 15:44:37 channel.py[line:1089] DEBUG [chan 1] Sesch channel 1 request ok
Fri, 05 May 2017 15:44:37 channel.py[line:1089] DEBUG [chan 1] EOF received (1)
Fri, 05 May 2017 15:44:37 channel.py[line:1089] DEBUG [chan 1] EOF sent (1)
Fri, 05 May 2017 15:44:37 transport.py[line:1561] DEBUG Dropping user packet because connection is dead.
Fri, 05 May 2017 15:44:37 transport.py[line:1561] DEBUG Dropping user packet because connection is dead.
Fri, 05 May 2017 15:44:37 collecttgtschd.py[line:43] INFO begin to check connection of ssh :10.200.8.108
Fri, 05 May 2017 15:44:38 base.py[line:924] DEBUG Looking for jobs to run
Fri, 05 May 2017 15:44:38 base.py[line:962] WARNING Execution of job "CollectTgtMoniInfo (trigger: interval[0:00:03], next run at: 2017-05-05 15:44:38 CST)" skipped: maximum number of running instances reached (1)
Fri, 05 May 2017 15:44:38 base.py[line:1004] DEBUG Next wakeup is due at 2017-05-05 15:44:41.970000+08:00 (in 2.999000 seconds)
Fri, 05 May 2017 15:44:41 base.py[line:924] DEBUG Looking for jobs to run
Fri, 05 May 2017 15:44:41 base.py[line:962] WARNING Execution of job "CollectTgtMoniInfo (trigger: interval[0:00:03], next run at: 2017-05-05 15:44:41 CST)" skipped: maximum number of running instances reached (1)
Fri, 05 May 2017 15:44:41 base.py[line:1004] DEBUG Next wakeup is due at 2017-05-05 15:44:44.970000+08:00 (in 3.000000 seconds)
Fri, 05 May 2017 15:44:44 base.py[line:924] DEBUG Looking for jobs to run
Fri, 05 May 2017 15:44:44 base.py[line:962] WARNING Execution of job "CollectTgtMoniInfo (trigger: interval[0:00:03], next run at: 2017-05-05 15:44:44 CST)" skipped: maximum number of running instances reached (1)
Fri, 05 May 2017 15:44:44 base.py[line:1004] DEBUG Next wakeup is due at 2017-05-05 15:44:47.970000+08:00 (in 2.999000 seconds)
Fri, 05 May 2017 15:44:47 base.py[line:924] DEBUG Looking for jobs to run
Fri, 05 May 2017 15:44:47 base.py[line:962] WARNING Execution of job "CollectTgtMoniInfo (trigger: interval[0:00:03], next run at: 2017-05-05 15:44:47 CST)" skipped: maximum number of running instances reached (1)
Fri, 05 May 2017 15:44:47 base.py[line:1004] DEBUG Next wakeup is due at 2017-05-05 15:44:50.970000+08:00 (in 2.999000 seconds)
Fri, 05 May 2017 15:44:50 base.py[line:924] DEBUG Looking for jobs to run
Fri, 05 May 2017 15:44:50 base.py[line:962] WARNING Execution of job "CollectTgtMoniInfo (trigger: interval[0:00:03], next run at: 2017-05-05 15:44:50 CST)" skipped: maximum number of running instances reached (1)
Fri, 05 May 2017 15:44:50 base.py[line:1004] DEBUG Next wakeup is due at 2017-05-05 15:44:53.970000+08:00 (in 3.000000 seconds)
Fri, 05 May 2017 15:44:53 base.py[line:924] DEBUG Looking for jobs to run
Fri, 05 May 2017 15:44:53 base.py[line:962] WARNING Execution of job "CollectTgtMoniInfo (trigger: interval[0:00:03], next run at: 2017-05-05 15:44:53 CST)" skipped: maximum number of running instances reached (1)
Fri, 05 May 2017 15:44:53 base.py[line:1004] DEBUG Next wakeup is due at 2017-05-05 15:44:56.970000+08:00 (in 2.999000 seconds)
Fri, 05 May 2017 15:44:56 base.py[line:924] DEBUG Looking for jobs to run
Fri, 05 May 2017 15:44:56 base.py[line:962] WARNING Execution of job "CollectTgtMoniInfo (trigger: interval[0:00:03], next run at: 2017-05-05 15:44:56 CST)" skipped: maximum number of running instances reached (1)
Fri, 05 May 2017 15:44:56 base.py[line:1004] DEBUG Next wakeup is due at 2017-05-05 15:44:59.970000+08:00 (in 2.999000 seconds)
Fri, 05 May 2017 15:44:58 base.py[line:131] ERROR Job "CollectTgtMoniInfo (trigger: interval[0:00:03], next run at: 2017-05-05 15:44:59 CST)" raised an exception
Traceback (most recent call last):
  File "C:\Python27\lib\site-packages\apscheduler\executors\base.py", line 125, in run_job
    retval = job.func(*job.args, **job.kwargs)
  File ".\collecttgtschd.py", line 60, in CollectTgtMoniInfo
    [ssh_status,path_status,script_status,r[5],datetime.datetime.now().strftime("%Y-%m-%d %H:%M:%S")])
  File "C:\Python27\lib\site-packages\MySQLdb\cursors.py", line 174, in execute
    self.errorhandler(self, exc, value)
  File "C:\Python27\lib\site-packages\MySQLdb\connections.py", line 36, in defaulterrorhandler
    raise errorclass, errorvalue
OperationalError: (1364, "Field 'active' doesn't have a default value")
Fri, 05 May 2017 15:44:59 base.py[line:924] DEBUG Looking for jobs to run
Fri, 05 May 2017 15:44:59 base.py[line:123] INFO Running job "CollectTgtMoniInfo (trigger: interval[0:00:03], next run at: 2017-05-05 15:44:59 CST)" (scheduled at 2017-05-05 15:44:59.970000+08:00)
Fri, 05 May 2017 15:44:59 base.py[line:1004] DEBUG Next wakeup is due at 2017-05-05 15:45:02.970000+08:00 (in 3.000000 seconds)
Fri, 05 May 2017 15:44:59 collecttgtschd.py[line:20] INFO connect to database
Fri, 05 May 2017 15:44:59 collecttgtschd.py[line:43] INFO begin to check connection of ssh :10.200.8.106
Fri, 05 May 2017 15:45:00 transport.py[line:1561] DEBUG starting thread (client mode): 0x4001f60L
Fri, 05 May 2017 15:45:00 transport.py[line:1561] DEBUG Local version/idstring: SSH-2.0-paramiko_2.0.1
Fri, 05 May 2017 15:45:00 transport.py[line:1561] DEBUG Remote version/idstring: SSH-2.0-OpenSSH_5.3
Fri, 05 May 2017 15:45:00 transport.py[line:1561] INFO Connected (version 2.0, client OpenSSH_5.3)
Fri, 05 May 2017 15:45:00 transport.py[line:1561] DEBUG kex algos:[u'diffie-hellman-group-exchange-sha256', u'diffie-hellman-group-exchange-sha1', u'diffie-hellman-group14-sha1', u'diffie-hellman-group1-sha1'] server key:[u'ssh-rsa', u'ssh-dss'] client encrypt:[u'aes128-ctr', u'aes192-ctr', u'aes256-ctr', u'arcfour256', u'arcfour128', u'aes128-cbc', u'3des-cbc', u'blowfish-cbc', u'cast128-cbc', u'aes192-cbc', u'aes256-cbc', u'arcfour', u'rijndael-cbc@lysator.liu.se'] server encrypt:[u'aes128-ctr', u'aes192-ctr', u'aes256-ctr', u'arcfour256', u'arcfour128', u'aes128-cbc', u'3des-cbc', u'blowfish-cbc', u'cast128-cbc', u'aes192-cbc', u'aes256-cbc', u'arcfour', u'rijndael-cbc@lysator.liu.se'] client mac:[u'hmac-md5', u'hmac-sha1', u'umac-64@openssh.com', u'hmac-sha2-256', u'hmac-sha2-512', u'hmac-ripemd160', u'hmac-ripemd160@openssh.com', u'hmac-sha1-96', u'hmac-md5-96'] server mac:[u'hmac-md5', u'hmac-sha1', u'umac-64@openssh.com', u'hmac-sha2-256', u'hmac-sha2-512', u'hmac-ripemd160', u'hmac-ripemd160@openssh.com', u'hmac-sha1-96', u'hmac-md5-96'] client compress:[u'none', u'zlib@openssh.com'] server compress:[u'none', u'zlib@openssh.com'] client lang:[u''] server lang:[u''] kex follows?False
Fri, 05 May 2017 15:45:00 transport.py[line:1561] DEBUG Kex agreed: diffie-hellman-group1-sha1
Fri, 05 May 2017 15:45:00 transport.py[line:1561] DEBUG Cipher agreed: aes128-ctr
Fri, 05 May 2017 15:45:00 transport.py[line:1561] DEBUG MAC agreed: hmac-sha2-256
Fri, 05 May 2017 15:45:00 transport.py[line:1561] DEBUG Compression agreed: none
Fri, 05 May 2017 15:45:00 transport.py[line:1561] DEBUG kex engine KexGroup1 specified hash_algo <built-in function openssl_sha1>
Fri, 05 May 2017 15:45:00 transport.py[line:1561] DEBUG Switch to new keys ...
Fri, 05 May 2017 15:45:00 transport.py[line:1561] DEBUG Adding ssh-rsa host key for 10.200.8.106: 6fc021533e922ce067955cc5503d393a
Fri, 05 May 2017 15:45:00 transport.py[line:1561] DEBUG userauth is OK
Fri, 05 May 2017 15:45:02 base.py[line:924] DEBUG Looking for jobs to run
Fri, 05 May 2017 15:45:02 base.py[line:962] WARNING Execution of job "CollectTgtMoniInfo (trigger: interval[0:00:03], next run at: 2017-05-05 15:45:02 CST)" skipped: maximum number of running instances reached (1)
Fri, 05 May 2017 15:45:02 base.py[line:1004] DEBUG Next wakeup is due at 2017-05-05 15:45:05.970000+08:00 (in 2.996000 seconds)
Fri, 05 May 2017 15:45:05 base.py[line:924] DEBUG Looking for jobs to run
Fri, 05 May 2017 15:45:05 base.py[line:962] WARNING Execution of job "CollectTgtMoniInfo (trigger: interval[0:00:03], next run at: 2017-05-05 15:45:05 CST)" skipped: maximum number of running instances reached (1)
Fri, 05 May 2017 15:45:05 base.py[line:1004] DEBUG Next wakeup is due at 2017-05-05 15:45:08.970000+08:00 (in 2.999000 seconds)
Fri, 05 May 2017 15:45:08 base.py[line:924] DEBUG Looking for jobs to run
Fri, 05 May 2017 15:45:08 base.py[line:962] WARNING Execution of job "CollectTgtMoniInfo (trigger: interval[0:00:03], next run at: 2017-05-05 15:45:08 CST)" skipped: maximum number of running instances reached (1)
Fri, 05 May 2017 15:45:08 base.py[line:1004] DEBUG Next wakeup is due at 2017-05-05 15:45:11.970000+08:00 (in 3.000000 seconds)
Fri, 05 May 2017 15:45:10 transport.py[line:1561] INFO Authentication (password) successful!
Fri, 05 May 2017 15:45:10 channel.py[line:1089] DEBUG [chan 0] Max packet in: 32768 bytes
Fri, 05 May 2017 15:45:10 channel.py[line:1089] DEBUG [chan 0] Max packet out: 32768 bytes
Fri, 05 May 2017 15:45:10 transport.py[line:1561] DEBUG Secsh channel 0 opened.
Fri, 05 May 2017 15:45:10 channel.py[line:1089] DEBUG [chan 0] Sesch channel 0 request ok
Fri, 05 May 2017 15:45:10 channel.py[line:1089] DEBUG [chan 0] EOF received (0)
Fri, 05 May 2017 15:45:10 channel.py[line:1089] DEBUG [chan 0] EOF sent (0)
Fri, 05 May 2017 15:45:10 channel.py[line:1089] DEBUG [chan 1] Max packet in: 32768 bytes
Fri, 05 May 2017 15:45:10 channel.py[line:1089] DEBUG [chan 1] Max packet out: 32768 bytes
Fri, 05 May 2017 15:45:10 transport.py[line:1561] DEBUG Secsh channel 1 opened.
Fri, 05 May 2017 15:45:10 channel.py[line:1089] DEBUG [chan 1] Sesch channel 1 request ok
Fri, 05 May 2017 15:45:10 channel.py[line:1089] DEBUG [chan 1] EOF received (1)
Fri, 05 May 2017 15:45:10 channel.py[line:1089] DEBUG [chan 1] EOF sent (1)
Fri, 05 May 2017 15:45:10 transport.py[line:1561] DEBUG EOF in transport thread
Fri, 05 May 2017 15:45:10 collecttgtschd.py[line:43] INFO begin to check connection of ssh :10.200.8.108
Fri, 05 May 2017 15:45:11 base.py[line:924] DEBUG Looking for jobs to run
Fri, 05 May 2017 15:45:11 base.py[line:962] WARNING Execution of job "CollectTgtMoniInfo (trigger: interval[0:00:03], next run at: 2017-05-05 15:45:11 CST)" skipped: maximum number of running instances reached (1)
Fri, 05 May 2017 15:45:11 base.py[line:1004] DEBUG Next wakeup is due at 2017-05-05 15:45:14.970000+08:00 (in 2.999000 seconds)
Fri, 05 May 2017 15:45:14 base.py[line:924] DEBUG Looking for jobs to run
Fri, 05 May 2017 15:45:14 base.py[line:962] WARNING Execution of job "CollectTgtMoniInfo (trigger: interval[0:00:03], next run at: 2017-05-05 15:45:14 CST)" skipped: maximum number of running instances reached (1)
Fri, 05 May 2017 15:45:14 base.py[line:1004] DEBUG Next wakeup is due at 2017-05-05 15:45:17.970000+08:00 (in 2.999000 seconds)
Fri, 05 May 2017 15:45:17 base.py[line:924] DEBUG Looking for jobs to run
Fri, 05 May 2017 15:45:17 base.py[line:962] WARNING Execution of job "CollectTgtMoniInfo (trigger: interval[0:00:03], next run at: 2017-05-05 15:45:17 CST)" skipped: maximum number of running instances reached (1)
Fri, 05 May 2017 15:45:17 base.py[line:1004] DEBUG Next wakeup is due at 2017-05-05 15:45:20.970000+08:00 (in 3.000000 seconds)
Fri, 05 May 2017 15:45:20 base.py[line:924] DEBUG Looking for jobs to run
Fri, 05 May 2017 15:45:20 base.py[line:962] WARNING Execution of job "CollectTgtMoniInfo (trigger: interval[0:00:03], next run at: 2017-05-05 15:45:20 CST)" skipped: maximum number of running instances reached (1)
Fri, 05 May 2017 15:45:20 base.py[line:1004] DEBUG Next wakeup is due at 2017-05-05 15:45:23.970000+08:00 (in 2.999000 seconds)
Fri, 05 May 2017 15:45:23 base.py[line:924] DEBUG Looking for jobs to run
Fri, 05 May 2017 15:45:23 base.py[line:962] WARNING Execution of job "CollectTgtMoniInfo (trigger: interval[0:00:03], next run at: 2017-05-05 15:45:23 CST)" skipped: maximum number of running instances reached (1)
Fri, 05 May 2017 15:45:23 base.py[line:1004] DEBUG Next wakeup is due at 2017-05-05 15:45:26.970000+08:00 (in 2.999000 seconds)
Fri, 05 May 2017 15:45:26 base.py[line:924] DEBUG Looking for jobs to run
Fri, 05 May 2017 15:45:26 base.py[line:962] WARNING Execution of job "CollectTgtMoniInfo (trigger: interval[0:00:03], next run at: 2017-05-05 15:45:26 CST)" skipped: maximum number of running instances reached (1)
Fri, 05 May 2017 15:45:26 base.py[line:1004] DEBUG Next wakeup is due at 2017-05-05 15:45:29.970000+08:00 (in 3.000000 seconds)
Fri, 05 May 2017 15:45:29 base.py[line:924] DEBUG Looking for jobs to run
Fri, 05 May 2017 15:45:29 base.py[line:962] WARNING Execution of job "CollectTgtMoniInfo (trigger: interval[0:00:03], next run at: 2017-05-05 15:45:29 CST)" skipped: maximum number of running instances reached (1)
Fri, 05 May 2017 15:45:29 base.py[line:1004] DEBUG Next wakeup is due at 2017-05-05 15:45:32.970000+08:00 (in 2.999000 seconds)
Fri, 05 May 2017 15:45:31 base.py[line:131] ERROR Job "CollectTgtMoniInfo (trigger: interval[0:00:03], next run at: 2017-05-05 15:45:32 CST)" raised an exception
Traceback (most recent call last):
  File "C:\Python27\lib\site-packages\apscheduler\executors\base.py", line 125, in run_job
    retval = job.func(*job.args, **job.kwargs)
  File ".\collecttgtschd.py", line 60, in CollectTgtMoniInfo
    [ssh_status,path_status,script_status,r[5],datetime.datetime.now().strftime("%Y-%m-%d %H:%M:%S")])
  File "C:\Python27\lib\site-packages\MySQLdb\cursors.py", line 174, in execute
    self.errorhandler(self, exc, value)
  File "C:\Python27\lib\site-packages\MySQLdb\connections.py", line 36, in defaulterrorhandler
    raise errorclass, errorvalue
OperationalError: (1364, "Field 'active' doesn't have a default value")
Fri, 05 May 2017 15:45:32 base.py[line:924] DEBUG Looking for jobs to run
Fri, 05 May 2017 15:45:32 base.py[line:123] INFO Running job "CollectTgtMoniInfo (trigger: interval[0:00:03], next run at: 2017-05-05 15:45:32 CST)" (scheduled at 2017-05-05 15:45:32.970000+08:00)
Fri, 05 May 2017 15:45:32 collecttgtschd.py[line:20] INFO connect to database
Fri, 05 May 2017 15:45:32 base.py[line:1004] DEBUG Next wakeup is due at 2017-05-05 15:45:35.970000+08:00 (in 2.999000 seconds)
Fri, 05 May 2017 15:45:32 collecttgtschd.py[line:43] INFO begin to check connection of ssh :10.200.8.106
Fri, 05 May 2017 15:45:32 transport.py[line:1561] DEBUG starting thread (client mode): 0x4001048L
Fri, 05 May 2017 15:45:32 transport.py[line:1561] DEBUG Local version/idstring: SSH-2.0-paramiko_2.0.1
Fri, 05 May 2017 15:45:33 transport.py[line:1561] DEBUG Remote version/idstring: SSH-2.0-OpenSSH_5.3
Fri, 05 May 2017 15:45:33 transport.py[line:1561] INFO Connected (version 2.0, client OpenSSH_5.3)
Fri, 05 May 2017 15:45:33 transport.py[line:1561] DEBUG kex algos:[u'diffie-hellman-group-exchange-sha256', u'diffie-hellman-group-exchange-sha1', u'diffie-hellman-group14-sha1', u'diffie-hellman-group1-sha1'] server key:[u'ssh-rsa', u'ssh-dss'] client encrypt:[u'aes128-ctr', u'aes192-ctr', u'aes256-ctr', u'arcfour256', u'arcfour128', u'aes128-cbc', u'3des-cbc', u'blowfish-cbc', u'cast128-cbc', u'aes192-cbc', u'aes256-cbc', u'arcfour', u'rijndael-cbc@lysator.liu.se'] server encrypt:[u'aes128-ctr', u'aes192-ctr', u'aes256-ctr', u'arcfour256', u'arcfour128', u'aes128-cbc', u'3des-cbc', u'blowfish-cbc', u'cast128-cbc', u'aes192-cbc', u'aes256-cbc', u'arcfour', u'rijndael-cbc@lysator.liu.se'] client mac:[u'hmac-md5', u'hmac-sha1', u'umac-64@openssh.com', u'hmac-sha2-256', u'hmac-sha2-512', u'hmac-ripemd160', u'hmac-ripemd160@openssh.com', u'hmac-sha1-96', u'hmac-md5-96'] server mac:[u'hmac-md5', u'hmac-sha1', u'umac-64@openssh.com', u'hmac-sha2-256', u'hmac-sha2-512', u'hmac-ripemd160', u'hmac-ripemd160@openssh.com', u'hmac-sha1-96', u'hmac-md5-96'] client compress:[u'none', u'zlib@openssh.com'] server compress:[u'none', u'zlib@openssh.com'] client lang:[u''] server lang:[u''] kex follows?False
Fri, 05 May 2017 15:45:33 transport.py[line:1561] DEBUG Kex agreed: diffie-hellman-group1-sha1
Fri, 05 May 2017 15:45:33 transport.py[line:1561] DEBUG Cipher agreed: aes128-ctr
Fri, 05 May 2017 15:45:33 transport.py[line:1561] DEBUG MAC agreed: hmac-sha2-256
Fri, 05 May 2017 15:45:33 transport.py[line:1561] DEBUG Compression agreed: none
Fri, 05 May 2017 15:45:33 transport.py[line:1561] DEBUG kex engine KexGroup1 specified hash_algo <built-in function openssl_sha1>
Fri, 05 May 2017 15:45:33 transport.py[line:1561] DEBUG Switch to new keys ...
Fri, 05 May 2017 15:45:33 transport.py[line:1561] DEBUG Adding ssh-rsa host key for 10.200.8.106: 6fc021533e922ce067955cc5503d393a
Fri, 05 May 2017 15:45:33 transport.py[line:1561] DEBUG userauth is OK
Fri, 05 May 2017 15:45:35 base.py[line:924] DEBUG Looking for jobs to run
Fri, 05 May 2017 15:45:35 base.py[line:962] WARNING Execution of job "CollectTgtMoniInfo (trigger: interval[0:00:03], next run at: 2017-05-05 15:45:35 CST)" skipped: maximum number of running instances reached (1)
Fri, 05 May 2017 15:45:35 base.py[line:1004] DEBUG Next wakeup is due at 2017-05-05 15:45:38.970000+08:00 (in 2.999000 seconds)
Fri, 05 May 2017 15:45:38 base.py[line:924] DEBUG Looking for jobs to run
Fri, 05 May 2017 15:45:38 base.py[line:962] WARNING Execution of job "CollectTgtMoniInfo (trigger: interval[0:00:03], next run at: 2017-05-05 15:45:38 CST)" skipped: maximum number of running instances reached (1)
Fri, 05 May 2017 15:45:38 base.py[line:1004] DEBUG Next wakeup is due at 2017-05-05 15:45:41.970000+08:00 (in 2.999000 seconds)
Fri, 05 May 2017 15:45:41 base.py[line:924] DEBUG Looking for jobs to run
Fri, 05 May 2017 15:45:41 base.py[line:962] WARNING Execution of job "CollectTgtMoniInfo (trigger: interval[0:00:03], next run at: 2017-05-05 15:45:41 CST)" skipped: maximum number of running instances reached (1)
Fri, 05 May 2017 15:45:41 base.py[line:1004] DEBUG Next wakeup is due at 2017-05-05 15:45:44.970000+08:00 (in 2.999000 seconds)
Fri, 05 May 2017 15:45:43 transport.py[line:1561] INFO Authentication (password) successful!
Fri, 05 May 2017 15:45:43 channel.py[line:1089] DEBUG [chan 0] Max packet in: 32768 bytes
Fri, 05 May 2017 15:45:43 channel.py[line:1089] DEBUG [chan 0] Max packet out: 32768 bytes
Fri, 05 May 2017 15:45:43 transport.py[line:1561] DEBUG Secsh channel 0 opened.
Fri, 05 May 2017 15:45:43 channel.py[line:1089] DEBUG [chan 0] Sesch channel 0 request ok
Fri, 05 May 2017 15:45:43 channel.py[line:1089] DEBUG [chan 0] EOF received (0)
Fri, 05 May 2017 15:45:43 channel.py[line:1089] DEBUG [chan 0] EOF sent (0)
Fri, 05 May 2017 15:45:43 channel.py[line:1089] DEBUG [chan 1] Max packet in: 32768 bytes
Fri, 05 May 2017 15:45:43 channel.py[line:1089] DEBUG [chan 1] Max packet out: 32768 bytes
Fri, 05 May 2017 15:45:43 transport.py[line:1561] DEBUG Secsh channel 1 opened.
Fri, 05 May 2017 15:45:43 channel.py[line:1089] DEBUG [chan 1] Sesch channel 1 request ok
Fri, 05 May 2017 15:45:43 channel.py[line:1089] DEBUG [chan 1] EOF received (1)
Fri, 05 May 2017 15:45:43 channel.py[line:1089] DEBUG [chan 1] EOF sent (1)
Fri, 05 May 2017 15:45:43 transport.py[line:1561] DEBUG EOF in transport thread
Fri, 05 May 2017 15:45:43 collecttgtschd.py[line:43] INFO begin to check connection of ssh :10.200.8.108
Fri, 05 May 2017 15:45:44 base.py[line:924] DEBUG Looking for jobs to run
Fri, 05 May 2017 15:45:44 base.py[line:962] WARNING Execution of job "CollectTgtMoniInfo (trigger: interval[0:00:03], next run at: 2017-05-05 15:45:44 CST)" skipped: maximum number of running instances reached (1)
Fri, 05 May 2017 15:45:44 base.py[line:1004] DEBUG Next wakeup is due at 2017-05-05 15:45:47.970000+08:00 (in 3.000000 seconds)
Fri, 05 May 2017 15:45:47 base.py[line:924] DEBUG Looking for jobs to run
Fri, 05 May 2017 15:45:47 base.py[line:962] WARNING Execution of job "CollectTgtMoniInfo (trigger: interval[0:00:03], next run at: 2017-05-05 15:45:47 CST)" skipped: maximum number of running instances reached (1)
Fri, 05 May 2017 15:45:47 base.py[line:1004] DEBUG Next wakeup is due at 2017-05-05 15:45:50.970000+08:00 (in 2.999000 seconds)
Fri, 05 May 2017 15:45:50 base.py[line:924] DEBUG Looking for jobs to run
Fri, 05 May 2017 15:45:50 base.py[line:962] WARNING Execution of job "CollectTgtMoniInfo (trigger: interval[0:00:03], next run at: 2017-05-05 15:45:50 CST)" skipped: maximum number of running instances reached (1)
Fri, 05 May 2017 15:45:50 base.py[line:1004] DEBUG Next wakeup is due at 2017-05-05 15:45:53.970000+08:00 (in 2.999000 seconds)
Fri, 05 May 2017 15:45:53 base.py[line:924] DEBUG Looking for jobs to run
Fri, 05 May 2017 15:45:53 base.py[line:962] WARNING Execution of job "CollectTgtMoniInfo (trigger: interval[0:00:03], next run at: 2017-05-05 15:45:53 CST)" skipped: maximum number of running instances reached (1)
Fri, 05 May 2017 15:45:53 base.py[line:1004] DEBUG Next wakeup is due at 2017-05-05 15:45:56.970000+08:00 (in 3.000000 seconds)
